# JRE version: OpenJDK Runtime Environment (17.0.11) (build 17.0.11+0--11852314)
# Java VM: OpenJDK 64-Bit Server VM (17.0.11+0--11852314, mixed mode, tiered, compressed oops, compressed class ptrs, g1 gc, windows-amd64)
GC Precious Log:
 CPUs: 2 total, 2 available
 Memory: 3498M
 Large Page Support: Disabled
 NUMA Support: Disabled
 Compressed Oops: Enabled (32-bit)
 Heap Region Size: 1M
 Heap Min Capacity: 8M
 Heap Initial Capacity: 56M
 Heap Max Capacity: 2G
 Pre-touch: Disabled
 Parallel Workers: 2
 Concurrent Workers: 1
 Concurrent Refinement Workers: 2
 Periodic GC: Disabled
Heap:
 garbage-first heap   total 286720K, used 197079K [0x0000000080000000, 0x0000000100000000)
  region size 1024K, 73 young (74752K), 15 survivors (15360K)
 Metaspace       used 118136K, committed 118912K, reserved 1179648K
  class space    used 15803K, committed 16192K, reserved 1048576K
GC Heap History (20 events):
Event: 129.126 GC heap before
{Heap before GC invocations=58 (full 0):
 garbage-first heap   total 142336K, used 83771K [0x0000000080000000, 0x0000000100000000)
  region size 1024K, 4 young (4096K), 3 survivors (3072K)
 Metaspace       used 73364K, committed 73984K, reserved 1114112K
  class space    used 9943K, committed 10240K, reserved 1048576K
}
Event: 129.154 GC heap after
{Heap after GC invocations=59 (full 0):
 garbage-first heap   total 142336K, used 84327K [0x0000000080000000, 0x0000000100000000)
  region size 1024K, 3 young (3072K), 3 survivors (3072K)
 Metaspace       used 73364K, committed 73984K, reserved 1114112K
  class space    used 9943K, committed 10240K, reserved 1048576K
}
Event: 129.948 GC heap before
{Heap before GC invocations=60 (full 0):
 garbage-first heap   total 147456K, used 96615K [0x0000000080000000, 0x0000000100000000)
  region size 1024K, 15 young (15360K), 3 survivors (3072K)
 Metaspace       used 74012K, committed 74688K, reserved 1114112K
  class space    used 10056K, committed 10368K, reserved 1048576K
}
Event: 129.963 GC heap after
{Heap after GC invocations=61 (full 0):
 garbage-first heap   total 147456K, used 89196K [0x0000000080000000, 0x0000000100000000)
  region size 1024K, 4 young (4096K), 4 survivors (4096K)
 Metaspace       used 74012K, committed 74688K, reserved 1114112K
  class space    used 10056K, committed 10368K, reserved 1048576K
}
Event: 130.427 GC heap before
{Heap before GC invocations=62 (full 0):
 garbage-first heap   total 155648K, used 101484K [0x0000000080000000, 0x0000000100000000)
  region size 1024K, 16 young (16384K), 4 survivors (4096K)
 Metaspace       used 74622K, committed 75264K, reserved 1114112K
  class space    used 10113K, committed 10432K, reserved 1048576K
}
Event: 130.460 GC heap after
{Heap after GC invocations=63 (full 0):
 garbage-first heap   total 155648K, used 92390K [0x0000000080000000, 0x0000000100000000)
  region size 1024K, 2 young (2048K), 2 survivors (2048K)
 Metaspace       used 74622K, committed 75264K, reserved 1114112K
  class space    used 10113K, committed 10432K, reserved 1048576K
}
Event: 131.709 GC heap before
{Heap before GC invocations=64 (full 0):
 garbage-first heap   total 162816K, used 120038K [0x0000000080000000, 0x0000000100000000)
  region size 1024K, 29 young (29696K), 2 survivors (2048K)
 Metaspace       used 76825K, committed 77504K, reserved 1179648K
  class space    used 10422K, committed 10752K, reserved 1048576K
}
Event: 131.715 GC heap after
{Heap after GC invocations=65 (full 0):
 garbage-first heap   total 162816K, used 94506K [0x0000000080000000, 0x0000000100000000)
  region size 1024K, 3 young (3072K), 3 survivors (3072K)
 Metaspace       used 76825K, committed 77504K, reserved 1179648K
  class space    used 10422K, committed 10752K, reserved 1048576K
}
Event: 132.772 GC heap before
{Heap before GC invocations=65 (full 0):
 garbage-first heap   total 162816K, used 128298K [0x0000000080000000, 0x0000000100000000)
  region size 1024K, 36 young (36864K), 3 survivors (3072K)
 Metaspace       used 80554K, committed 81216K, reserved 1179648K
  class space    used 10788K, committed 11072K, reserved 1048576K
}
Event: 132.777 GC heap after
{Heap after GC invocations=66 (full 0):
 garbage-first heap   total 162816K, used 94667K [0x0000000080000000, 0x0000000100000000)
  region size 1024K, 4 young (4096K), 4 survivors (4096K)
 Metaspace       used 80554K, committed 81216K, reserved 1179648K
  class space    used 10788K, committed 11072K, reserved 1048576K
}
Event: 134.752 GC heap before
{Heap before GC invocations=67 (full 0):
 garbage-first heap   total 165888K, used 132555K [0x0000000080000000, 0x0000000100000000)
  region size 1024K, 40 young (40960K), 4 survivors (4096K)
 Metaspace       used 83739K, committed 84416K, reserved 1179648K
  class space    used 11251K, committed 11584K, reserved 1048576K
}
Event: 134.762 GC heap after
{Heap after GC invocations=68 (full 0):
 garbage-first heap   total 165888K, used 98694K [0x0000000080000000, 0x0000000100000000)
  region size 1024K, 5 young (5120K), 5 survivors (5120K)
 Metaspace       used 83739K, committed 84416K, reserved 1179648K
  class space    used 11251K, committed 11584K, reserved 1048576K
}
Event: 134.808 GC heap before
{Heap before GC invocations=68 (full 0):
 garbage-first heap   total 165888K, used 103814K [0x0000000080000000, 0x0000000100000000)
  region size 1024K, 8 young (8192K), 5 survivors (5120K)
 Metaspace       used 83739K, committed 84416K, reserved 1179648K
  class space    used 11251K, committed 11584K, reserved 1048576K
}
Event: 134.830 GC heap after
{Heap after GC invocations=69 (full 0):
 garbage-first heap   total 286720K, used 101449K [0x0000000080000000, 0x0000000100000000)
  region size 1024K, 1 young (1024K), 1 survivors (1024K)
 Metaspace       used 83739K, committed 84416K, reserved 1179648K
  class space    used 11251K, committed 11584K, reserved 1048576K
}
Event: 140.579 GC heap before
{Heap before GC invocations=69 (full 0):
 garbage-first heap   total 286720K, used 239689K [0x0000000080000000, 0x0000000100000000)
  region size 1024K, 135 young (138240K), 1 survivors (1024K)
 Metaspace       used 90680K, committed 91392K, reserved 1179648K
  class space    used 12192K, committed 12480K, reserved 1048576K
}
Event: 140.600 GC heap after
{Heap after GC invocations=70 (full 0):
 garbage-first heap   total 286720K, used 109641K [0x0000000080000000, 0x0000000100000000)
  region size 1024K, 8 young (8192K), 8 survivors (8192K)
 Metaspace       used 90680K, committed 91392K, reserved 1179648K
  class space    used 12192K, committed 12480K, reserved 1048576K
}
Event: 150.202 GC heap before
{Heap before GC invocations=70 (full 0):
 garbage-first heap   total 286720K, used 239689K [0x0000000080000000, 0x0000000100000000)
  region size 1024K, 122 young (124928K), 8 survivors (8192K)
 Metaspace       used 99926K, committed 100672K, reserved 1179648K
  class space    used 13464K, committed 13760K, reserved 1048576K
}
Event: 150.235 GC heap after
{Heap after GC invocations=71 (full 0):
 garbage-first heap   total 286720K, used 125513K [0x0000000080000000, 0x0000000100000000)
  region size 1024K, 16 young (16384K), 16 survivors (16384K)
 Metaspace       used 99926K, committed 100672K, reserved 1179648K
  class space    used 13464K, committed 13760K, reserved 1048576K
}
Event: 171.115 GC heap before
{Heap before GC invocations=71 (full 0):
 garbage-first heap   total 286720K, used 239177K [0x0000000080000000, 0x0000000100000000)
  region size 1024K, 119 young (121856K), 16 survivors (16384K)
 Metaspace       used 111431K, committed 112256K, reserved 1179648K
  class space    used 15060K, committed 15424K, reserved 1048576K
}
Event: 171.368 GC heap after
{Heap after GC invocations=72 (full 0):
 garbage-first heap   total 286720K, used 139735K [0x0000000080000000, 0x0000000100000000)
  region size 1024K, 15 young (15360K), 15 survivors (15360K)
 Metaspace       used 111431K, committed 112256K, reserved 1179648K
  class space    used 15060K, committed 15424K, reserved 1048576K
}

